#
# A fatal error has been detected by the Java Runtime Environment:
#
#  Internal Error (javaClasses.cpp:129), pid=8092, tid=3000
#  fatal error: Invalid layout of preloaded class
#
# JRE version: 7.0_17-b02
# Java VM: Java HotSpot(TM) 64-Bit Server VM (23.7-b01 mixed mode windows-amd64 compressed oops)
# Failed to write core dump. Minidumps are not enabled by default on client versions of Windows
#
# If you would like to submit a bug report, please visit:
#   http://bugreport.sun.com/bugreport/crash.jsp
#

---------------  T H R E A D  ---------------

Current thread (0x000000000238c000):  JavaThread "Unknown thread" [_thread_in_vm, id=3000, stack(0x00000000023d0000,0x00000000024d0000)]

Stack: [0x00000000023d0000,0x00000000024d0000]

---------------  P R O C E S S  ---------------

Java Threads: ( => current thread )

Other Threads:

=>0x000000000238c000 (exited) JavaThread "Unknown thread" [_thread_in_vm, id=3000, stack(0x00000000023d0000,0x00000000024d0000)]

VM state:not at safepoint (not fully initialized)

VM Mutex/Monitor currently owned by a thread: None

GC Heap History (0 events):
No events

Deoptimization events (0 events):
No events

Internal exceptions (0 events):
No events

Events (10 events):
Event: 0.012 loading class 0x000000000224fa90 done
Event: 0.013 loading class 0x0000000002210ed0 done
Event: 0.013 loading class 0x0000000002210ea0
Event: 0.013 loading class 0x000000000898cd30
Event: 0.013 loading class 0x000000000898cd30 done
Event: 0.013 loading class 0x000000000898cd70
Event: 0.013 loading class 0x000000000898cd70 done
Event: 0.013 loading class 0x0000000008990170
Event: 0.013 loading class 0x0000000008990170 done
Event: 0.013 loading class 0x0000000002210ea0 done


Dynamic libraries:
0x000000013f710000 - 0x000000013f743000 	C:\Program Files\Java\jre7\bin\javaw.exe
0x00000000779d0000 - 0x0000000077b79000 	C:\Windows\SYSTEM32\ntdll.dll
0x0000000077500000 - 0x000000007761f000 	C:\Windows\system32\kernel32.dll
0x000007fefe190000 - 0x000007fefe1fb000 	C:\Windows\system32\KERNELBASE.dll
0x000007fefe3f0000 - 0x000007fefe4cb000 	C:\Windows\system32\ADVAPI32.dll
0x000007fefe350000 - 0x000007fefe3ef000 	C:\Windows\system32\msvcrt.dll
0x000007fefe550000 - 0x000007fefe56f000 	C:\Windows\SYSTEM32\sechost.dll
0x000007fefe200000 - 0x000007fefe32d000 	C:\Windows\system32\RPCRT4.dll
0x0000000077620000 - 0x000000007771a000 	C:\Windows\system32\USER32.dll
0x000007feffb90000 - 0x000007feffbf7000 	C:\Windows\system32\GDI32.dll
0x000007feff570000 - 0x000007feff57e000 	C:\Windows\system32\LPK.dll
0x000007feffc00000 - 0x000007feffcc9000 	C:\Windows\system32\USP10.dll
0x000007fefc860000 - 0x000007fefca54000 	C:\Windows\WinSxS\amd64_microsoft.windows.common-controls_6595b64144ccf1df_6.0.7601.17514_none_fa396087175ac9ac\COMCTL32.dll
0x000007feff750000 - 0x000007feff7c1000 	C:\Windows\system32\SHLWAPI.dll
0x000007feff4e0000 - 0x000007feff50e000 	C:\Windows\system32\IMM32.DLL
0x000007feff9e0000 - 0x000007feffae9000 	C:\Windows\system32\MSCTF.dll
0x0000000068de0000 - 0x0000000068eb1000 	C:\Program Files\Java\jre7\bin\msvcr100.dll
0x00000000686c0000 - 0x0000000068ddf000 	C:\Program Files\Java\jre7\bin\server\jvm.dll
0x000007feeb4c0000 - 0x000007feeb4c9000 	C:\Windows\system32\WSOCK32.dll
0x000007feff700000 - 0x000007feff74d000 	C:\Windows\system32\WS2_32.dll
0x000007feffcd0000 - 0x000007feffcd8000 	C:\Windows\system32\NSI.dll
0x000007fefb1e0000 - 0x000007fefb21b000 	C:\Windows\system32\WINMM.dll
0x0000000077b90000 - 0x0000000077b97000 	C:\Windows\system32\PSAPI.DLL
0x0000000071600000 - 0x000000007160f000 	C:\Program Files\Java\jre7\bin\verify.dll
0x0000000068690000 - 0x00000000686b8000 	C:\Program Files\Java\jre7\bin\java.dll
0x000000006fbb0000 - 0x000000006fbc5000 	C:\Program Files\Java\jre7\bin\zip.dll

VM Arguments:
jvm_args: -Dfile.encoding=Cp1252 -Xbootclasspath:C:\Users\ka\AppData\Local\Android\android-sdk\platforms\android-16\android.jar 
java_command: com.example.gpsdetector.DatabaseHelper
Launcher Type: SUN_STANDARD

Environment Variables:
PATH=C:\Program Files\Common Files\Microsoft Shared\Windows Live;C:\Program Files (x86)\Common Files\Microsoft Shared\Windows Live;C:\Program Files (x86)\NVIDIA Corporation\PhysX\Common;C:\Windows\system32;C:\Windows;C:\Windows\System32\Wbem;C:\Windows\System32\WindowsPowerShell\v1.0\;C:\Program Files\Java\jdk1.7.0_17\bin;C:\Program Files (x86)\Windows Live\Shared
USERNAME=ka
OS=Windows_NT
PROCESSOR_IDENTIFIER=Intel64 Family 6 Model 23 Stepping 7, GenuineIntel



---------------  S Y S T E M  ---------------

OS: Windows 7 , 64 bit Build 7601 Service Pack 1

CPU:total 4 (4 cores per cpu, 1 threads per core) family 6 model 23 stepping 7, cmov, cx8, fxsr, mmx, sse, sse2, sse3, ssse3, sse4.1, tsc

Memory: 4k page, physical 4192760k(1435872k free), swap 8383664k(4324960k free)

vm_info: Java HotSpot(TM) 64-Bit Server VM (23.7-b01) for windows-amd64 JRE (1.7.0_17-b02), built on Mar  1 2013 03:38:30 by "java_re" with unknown MS VC++:1600

time: Thu Mar 28 23:19:55 2013
elapsed time: 0 seconds

